[2025-07-06 15:57:03,637][__main__][INFO] - [rank: 0] Instantiating model <src.models.transition_model.TransitionModel>
[2025-07-06 15:57:03,683][__main__][INFO] - [rank: 0] Instantiating data buffer <common.replay_buffer_wrapper.ReplayBufferWrapper>
[2025-07-06 15:57:03,699][__main__][INFO] - [rank: 0] Instantiating model buffer <common.replay_buffer_wrapper.ReplayBufferWrapper>
[2025-07-06 15:57:03,716][lightning.fabric.utilities.seed][INFO] - Seed set to 1
[2025-07-06 15:57:03,717][__main__][INFO] - [rank: 0] Instantiating callbacks...
[2025-07-06 15:57:03,718][utils.instantiators][INFO] - [rank: 0] Instantiating callback <lightning.pytorch.callbacks.ModelCheckpoint>
[2025-07-06 15:57:03,725][utils.instantiators][INFO] - [rank: 0] Instantiating callback <lightning.pytorch.callbacks.RichModelSummary>
[2025-07-06 15:57:03,726][utils.instantiators][INFO] - [rank: 0] Instantiating callback <lightning.pytorch.callbacks.RichProgressBar>
[2025-07-06 15:57:03,727][__main__][INFO] - [rank: 0] Instantiating loggers...
[2025-07-06 15:57:03,727][utils.instantiators][INFO] - [rank: 0] Instantiating logger <lightning.pytorch.loggers.wandb.WandbLogger>
[2025-07-06 15:57:03,734][__main__][INFO] - [rank: 0] Instantiating model <src.algos.mopo.MOPO>
[2025-07-06 15:57:05,704][__main__][INFO] - [rank: 0] started the modules
[2025-07-06 15:57:05,705][__main__][INFO] - [rank: 0] Instantiating trainer <lightning.pytorch.trainer.Trainer>
[2025-07-06 15:57:05,720][pytorch_lightning.utilities.rank_zero][INFO] - Trainer already configured with model summary callbacks: [<class 'lightning.pytorch.callbacks.rich_model_summary.RichModelSummary'>]. Skipping setting a default `ModelSummary` callback.
[2025-07-06 15:57:05,753][pytorch_lightning.utilities.rank_zero][INFO] - GPU available: True (cuda), used: False
[2025-07-06 15:57:05,754][pytorch_lightning.utilities.rank_zero][INFO] - TPU available: False, using: 0 TPU cores
[2025-07-06 15:57:05,755][pytorch_lightning.utilities.rank_zero][INFO] - HPU available: False, using: 0 HPUs
[2025-07-06 15:57:05,755][__main__][INFO] - [rank: 0] Logging hyperparameters!
[2025-07-06 15:57:05,760][__main__][INFO] - [rank: 0] Starting training!
[2025-07-06 15:57:31,678][pytorch_lightning.utilities.rank_zero][INFO] - `Trainer.fit` stopped: `max_epochs=20` reached.
