[2025-07-06 15:54:33,730][__main__][INFO] - [rank: 0] Instantiating model <src.models.transition_model.TransitionModel>
[2025-07-06 15:54:33,775][__main__][INFO] - [rank: 0] Instantiating data buffer <common.replay_buffer_wrapper.ReplayBufferWrapper>
[2025-07-06 15:54:33,830][__main__][INFO] - [rank: 0] Instantiating model buffer <common.replay_buffer_wrapper.ReplayBufferWrapper>
[2025-07-06 15:54:33,844][lightning.fabric.utilities.seed][INFO] - Seed set to 1
[2025-07-06 15:54:33,846][__main__][INFO] - [rank: 0] Instantiating callbacks...
[2025-07-06 15:54:33,846][utils.instantiators][INFO] - [rank: 0] Instantiating callback <lightning.pytorch.callbacks.ModelCheckpoint>
[2025-07-06 15:54:33,852][utils.instantiators][INFO] - [rank: 0] Instantiating callback <lightning.pytorch.callbacks.RichModelSummary>
[2025-07-06 15:54:33,853][utils.instantiators][INFO] - [rank: 0] Instantiating callback <lightning.pytorch.callbacks.RichProgressBar>
[2025-07-06 15:54:33,854][__main__][INFO] - [rank: 0] Instantiating loggers...
[2025-07-06 15:54:33,854][utils.instantiators][INFO] - [rank: 0] Instantiating logger <lightning.pytorch.loggers.wandb.WandbLogger>
[2025-07-06 15:54:33,861][__main__][INFO] - [rank: 0] Instantiating model <src.algos.mopo.MOPO>
[2025-07-06 15:54:35,724][__main__][INFO] - [rank: 0] started the modules
[2025-07-06 15:54:35,725][__main__][INFO] - [rank: 0] Instantiating trainer <lightning.pytorch.trainer.Trainer>
[2025-07-06 15:54:35,737][pytorch_lightning.utilities.rank_zero][INFO] - Trainer already configured with model summary callbacks: [<class 'lightning.pytorch.callbacks.rich_model_summary.RichModelSummary'>]. Skipping setting a default `ModelSummary` callback.
[2025-07-06 15:54:35,769][pytorch_lightning.utilities.rank_zero][INFO] - GPU available: True (cuda), used: False
[2025-07-06 15:54:35,770][pytorch_lightning.utilities.rank_zero][INFO] - TPU available: False, using: 0 TPU cores
[2025-07-06 15:54:35,771][pytorch_lightning.utilities.rank_zero][INFO] - HPU available: False, using: 0 HPUs
[2025-07-06 15:54:35,771][__main__][INFO] - [rank: 0] Logging hyperparameters!
[2025-07-06 15:54:35,776][__main__][INFO] - [rank: 0] Starting training!
[2025-07-06 15:55:05,088][pytorch_lightning.utilities.rank_zero][INFO] - `Trainer.fit` stopped: `max_epochs=20` reached.
