[2025-07-06 16:13:24,054][__main__][INFO] - [rank: 0] Instantiating model <src.models.transition_model.TransitionModel>
[2025-07-06 16:13:24,259][__main__][INFO] - [rank: 0] Instantiating data buffer <common.replay_buffer_wrapper.ReplayBufferWrapper>
[2025-07-06 16:13:24,311][__main__][INFO] - [rank: 0] Instantiating model buffer <common.replay_buffer_wrapper.ReplayBufferWrapper>
[2025-07-06 16:13:24,326][lightning.fabric.utilities.seed][INFO] - Seed set to 1
[2025-07-06 16:13:24,327][__main__][INFO] - [rank: 0] Instantiating callbacks...
[2025-07-06 16:13:24,328][utils.instantiators][INFO] - [rank: 0] Instantiating callback <lightning.pytorch.callbacks.ModelCheckpoint>
[2025-07-06 16:13:24,336][utils.instantiators][INFO] - [rank: 0] Instantiating callback <lightning.pytorch.callbacks.RichModelSummary>
[2025-07-06 16:13:24,336][utils.instantiators][INFO] - [rank: 0] Instantiating callback <lightning.pytorch.callbacks.RichProgressBar>
[2025-07-06 16:13:24,337][__main__][INFO] - [rank: 0] Instantiating loggers...
[2025-07-06 16:13:24,337][utils.instantiators][INFO] - [rank: 0] Instantiating logger <lightning.pytorch.loggers.wandb.WandbLogger>
[2025-07-06 16:13:24,345][__main__][INFO] - [rank: 0] Instantiating model <src.algos.mopo.MOPO>
[2025-07-06 16:13:26,310][__main__][INFO] - [rank: 0] started the modules
[2025-07-06 16:13:26,311][__main__][INFO] - [rank: 0] Instantiating trainer <lightning.pytorch.trainer.Trainer>
[2025-07-06 16:13:26,327][pytorch_lightning.utilities.rank_zero][INFO] - Trainer already configured with model summary callbacks: [<class 'lightning.pytorch.callbacks.rich_model_summary.RichModelSummary'>]. Skipping setting a default `ModelSummary` callback.
[2025-07-06 16:13:26,360][pytorch_lightning.utilities.rank_zero][INFO] - GPU available: True (cuda), used: False
[2025-07-06 16:13:26,361][pytorch_lightning.utilities.rank_zero][INFO] - TPU available: False, using: 0 TPU cores
[2025-07-06 16:13:26,362][pytorch_lightning.utilities.rank_zero][INFO] - HPU available: False, using: 0 HPUs
[2025-07-06 16:13:26,362][__main__][INFO] - [rank: 0] Logging hyperparameters!
[2025-07-06 16:13:26,367][__main__][INFO] - [rank: 0] Starting training!
[2025-07-06 16:13:53,843][pytorch_lightning.utilities.rank_zero][INFO] - `Trainer.fit` stopped: `max_epochs=20` reached.
