[2025-07-06 16:34:44,809][__main__][INFO] - [rank: 0] Instantiating model <src.models.transition_model.TransitionModel>
[2025-07-06 16:34:44,853][__main__][INFO] - [rank: 0] Instantiating data buffer <common.replay_buffer_wrapper.ReplayBufferWrapper>
[2025-07-06 16:34:44,869][__main__][INFO] - [rank: 0] Instantiating model buffer <common.replay_buffer_wrapper.ReplayBufferWrapper>
[2025-07-06 16:34:44,884][lightning.fabric.utilities.seed][INFO] - Seed set to 1
[2025-07-06 16:34:44,886][__main__][INFO] - [rank: 0] Instantiating callbacks...
[2025-07-06 16:34:44,886][utils.instantiators][INFO] - [rank: 0] Instantiating callback <lightning.pytorch.callbacks.ModelCheckpoint>
[2025-07-06 16:34:44,893][utils.instantiators][INFO] - [rank: 0] Instantiating callback <lightning.pytorch.callbacks.RichModelSummary>
[2025-07-06 16:34:44,894][utils.instantiators][INFO] - [rank: 0] Instantiating callback <lightning.pytorch.callbacks.RichProgressBar>
[2025-07-06 16:34:44,894][__main__][INFO] - [rank: 0] Instantiating loggers...
[2025-07-06 16:34:44,895][utils.instantiators][INFO] - [rank: 0] Instantiating logger <lightning.pytorch.loggers.wandb.WandbLogger>
[2025-07-06 16:34:44,905][__main__][INFO] - [rank: 0] Instantiating model <src.algos.mopo.MOPO>
[2025-07-06 16:34:46,555][__main__][INFO] - [rank: 0] started the modules
[2025-07-06 16:34:46,555][__main__][INFO] - [rank: 0] Instantiating trainer <lightning.pytorch.trainer.Trainer>
[2025-07-06 16:34:46,567][pytorch_lightning.utilities.rank_zero][INFO] - Trainer already configured with model summary callbacks: [<class 'lightning.pytorch.callbacks.rich_model_summary.RichModelSummary'>]. Skipping setting a default `ModelSummary` callback.
[2025-07-06 16:34:46,596][pytorch_lightning.utilities.rank_zero][INFO] - GPU available: True (cuda), used: False
[2025-07-06 16:34:46,597][pytorch_lightning.utilities.rank_zero][INFO] - TPU available: False, using: 0 TPU cores
[2025-07-06 16:34:46,597][pytorch_lightning.utilities.rank_zero][INFO] - HPU available: False, using: 0 HPUs
[2025-07-06 16:34:46,598][__main__][INFO] - [rank: 0] Logging hyperparameters!
[2025-07-06 16:34:46,602][__main__][INFO] - [rank: 0] Starting training!
[2025-07-06 16:35:11,701][pytorch_lightning.utilities.rank_zero][INFO] - `Trainer.fit` stopped: `max_epochs=20` reached.
