[2025-07-06 12:35:10,062][__main__][INFO] - [rank: 0] Instantiating model <src.models.transition_model.TransitionModel>
[2025-07-06 12:35:10,208][__main__][INFO] - [rank: 0] Instantiating data buffer <common.replay_buffer_wrapper.ReplayBufferWrapper>
[2025-07-06 12:35:10,274][__main__][INFO] - [rank: 0] Instantiating model buffer <common.replay_buffer_wrapper.ReplayBufferWrapper>
[2025-07-06 12:35:10,300][lightning.fabric.utilities.seed][INFO] - Seed set to 1
[2025-07-06 12:35:10,302][__main__][INFO] - [rank: 0] Instantiating callbacks...
[2025-07-06 12:35:10,303][utils.instantiators][INFO] - [rank: 0] Instantiating callback <lightning.pytorch.callbacks.ModelCheckpoint>
[2025-07-06 12:35:10,320][utils.instantiators][INFO] - [rank: 0] Instantiating callback <lightning.pytorch.callbacks.RichModelSummary>
[2025-07-06 12:35:10,322][utils.instantiators][INFO] - [rank: 0] Instantiating callback <lightning.pytorch.callbacks.RichProgressBar>
[2025-07-06 12:35:10,324][__main__][INFO] - [rank: 0] Instantiating loggers...
[2025-07-06 12:35:10,324][utils.instantiators][INFO] - [rank: 0] Instantiating logger <lightning.pytorch.loggers.wandb.WandbLogger>
[2025-07-06 12:35:10,344][__main__][INFO] - [rank: 0] Instantiating model <src.algos.mopo.MOPO>
[2025-07-06 12:35:13,696][__main__][INFO] - [rank: 0] started the modules
[2025-07-06 12:35:13,698][__main__][INFO] - [rank: 0] Instantiating trainer <lightning.pytorch.trainer.Trainer>
[2025-07-06 12:35:13,744][pytorch_lightning.utilities.rank_zero][INFO] - Trainer already configured with model summary callbacks: [<class 'lightning.pytorch.callbacks.rich_model_summary.RichModelSummary'>]. Skipping setting a default `ModelSummary` callback.
[2025-07-06 12:35:13,816][pytorch_lightning.utilities.rank_zero][INFO] - GPU available: True (cuda), used: False
[2025-07-06 12:35:13,819][pytorch_lightning.utilities.rank_zero][INFO] - TPU available: False, using: 0 TPU cores
[2025-07-06 12:35:13,819][pytorch_lightning.utilities.rank_zero][INFO] - HPU available: False, using: 0 HPUs
[2025-07-06 12:35:13,821][__main__][INFO] - [rank: 0] Logging hyperparameters!
[2025-07-06 12:35:13,845][__main__][INFO] - [rank: 0] Starting training!
[2025-07-06 12:37:11,965][pytorch_lightning.utilities.rank_zero][INFO] - `Trainer.fit` stopped: `max_epochs=4` reached.
