[2025-07-06 16:58:11,937][__main__][INFO] - [rank: 0] Instantiating model <src.models.transition_model.TransitionModel>
[2025-07-06 16:58:11,996][__main__][INFO] - [rank: 0] Instantiating data buffer <common.replay_buffer_wrapper.ReplayBufferWrapper>
[2025-07-06 16:58:12,016][__main__][INFO] - [rank: 0] Instantiating model buffer <common.replay_buffer_wrapper.ReplayBufferWrapper>
[2025-07-06 16:58:12,030][lightning.fabric.utilities.seed][INFO] - Seed set to 1
[2025-07-06 16:58:12,032][__main__][INFO] - [rank: 0] Instantiating callbacks...
[2025-07-06 16:58:12,033][utils.instantiators][INFO] - [rank: 0] Instantiating callback <lightning.pytorch.callbacks.ModelCheckpoint>
[2025-07-06 16:58:12,039][utils.instantiators][INFO] - [rank: 0] Instantiating callback <lightning.pytorch.callbacks.RichModelSummary>
[2025-07-06 16:58:12,040][utils.instantiators][INFO] - [rank: 0] Instantiating callback <lightning.pytorch.callbacks.RichProgressBar>
[2025-07-06 16:58:12,041][__main__][INFO] - [rank: 0] Instantiating loggers...
[2025-07-06 16:58:12,041][utils.instantiators][INFO] - [rank: 0] Instantiating logger <lightning.pytorch.loggers.wandb.WandbLogger>
[2025-07-06 16:58:12,047][__main__][INFO] - [rank: 0] Instantiating model <src.algos.mopo.MOPO>
[2025-07-06 16:58:13,810][__main__][INFO] - [rank: 0] started the modules
[2025-07-06 16:58:13,810][__main__][INFO] - [rank: 0] Instantiating trainer <lightning.pytorch.trainer.Trainer>
[2025-07-06 16:58:13,822][pytorch_lightning.utilities.rank_zero][INFO] - Trainer already configured with model summary callbacks: [<class 'lightning.pytorch.callbacks.rich_model_summary.RichModelSummary'>]. Skipping setting a default `ModelSummary` callback.
[2025-07-06 16:58:13,855][pytorch_lightning.utilities.rank_zero][INFO] - GPU available: True (cuda), used: True
[2025-07-06 16:58:13,857][pytorch_lightning.utilities.rank_zero][INFO] - TPU available: False, using: 0 TPU cores
[2025-07-06 16:58:13,857][pytorch_lightning.utilities.rank_zero][INFO] - HPU available: False, using: 0 HPUs
[2025-07-06 16:58:13,857][__main__][INFO] - [rank: 0] Logging hyperparameters!
[2025-07-06 16:58:13,862][__main__][INFO] - [rank: 0] Starting training!
[2025-07-06 16:58:14,072][pytorch_lightning.utilities.rank_zero][INFO] - You are using a CUDA device ('NVIDIA A100 80GB PCIe') that has Tensor Cores. To properly utilize them, you should set `torch.set_float32_matmul_precision('medium' | 'high')` which will trade-off precision for performance. For more details, read https://pytorch.org/docs/stable/generated/torch.set_float32_matmul_precision.html#torch.set_float32_matmul_precision
[2025-07-06 16:58:14,073][lightning.fabric.utilities.seed][INFO] - [rank: 0] Seed set to 1
[2025-07-06 16:58:14,075][lightning.fabric.utilities.distributed][INFO] - Initializing distributed: GLOBAL_RANK: 0, MEMBER: 1/2
[2025-07-06 16:58:28,946][lightning.fabric.strategies.launchers.subprocess_script][INFO] - [rank: 1] Child process with PID 407865 terminated with code 1. Forcefully terminating all other processes to avoid zombies 🧟
