[2025-07-06 15:52:57,145][__main__][INFO] - [rank: 0] Instantiating model <src.models.transition_model.TransitionModel>
[2025-07-06 15:52:57,189][__main__][INFO] - [rank: 0] Instantiating data buffer <common.replay_buffer_wrapper.ReplayBufferWrapper>
[2025-07-06 15:52:57,204][__main__][INFO] - [rank: 0] Instantiating model buffer <common.replay_buffer_wrapper.ReplayBufferWrapper>
[2025-07-06 15:52:57,218][lightning.fabric.utilities.seed][INFO] - Seed set to 1
[2025-07-06 15:52:57,220][__main__][INFO] - [rank: 0] Instantiating callbacks...
[2025-07-06 15:52:57,220][utils.instantiators][INFO] - [rank: 0] Instantiating callback <lightning.pytorch.callbacks.ModelCheckpoint>
[2025-07-06 15:52:57,226][utils.instantiators][INFO] - [rank: 0] Instantiating callback <lightning.pytorch.callbacks.RichModelSummary>
[2025-07-06 15:52:57,227][utils.instantiators][INFO] - [rank: 0] Instantiating callback <lightning.pytorch.callbacks.RichProgressBar>
[2025-07-06 15:52:57,227][__main__][INFO] - [rank: 0] Instantiating loggers...
[2025-07-06 15:52:57,228][utils.instantiators][INFO] - [rank: 0] Instantiating logger <lightning.pytorch.loggers.wandb.WandbLogger>
[2025-07-06 15:52:57,234][__main__][INFO] - [rank: 0] Instantiating model <src.algos.mopo.MOPO>
[2025-07-06 15:52:59,068][__main__][INFO] - [rank: 0] started the modules
[2025-07-06 15:52:59,068][__main__][INFO] - [rank: 0] Instantiating trainer <lightning.pytorch.trainer.Trainer>
[2025-07-06 15:52:59,081][pytorch_lightning.utilities.rank_zero][INFO] - Trainer already configured with model summary callbacks: [<class 'lightning.pytorch.callbacks.rich_model_summary.RichModelSummary'>]. Skipping setting a default `ModelSummary` callback.
[2025-07-06 15:52:59,111][pytorch_lightning.utilities.rank_zero][INFO] - GPU available: True (cuda), used: False
[2025-07-06 15:52:59,113][pytorch_lightning.utilities.rank_zero][INFO] - TPU available: False, using: 0 TPU cores
[2025-07-06 15:52:59,113][pytorch_lightning.utilities.rank_zero][INFO] - HPU available: False, using: 0 HPUs
[2025-07-06 15:52:59,114][__main__][INFO] - [rank: 0] Logging hyperparameters!
[2025-07-06 15:52:59,118][__main__][INFO] - [rank: 0] Starting training!
[2025-07-06 15:53:23,657][pytorch_lightning.utilities.rank_zero][INFO] - `Trainer.fit` stopped: `max_epochs=20` reached.
