[2025-07-07 14:11:26,350][__main__][INFO] - [rank: 0] Instantiating model <src.models.world_model.D4RLWorldModel>
[2025-07-07 14:11:31,785][__main__][INFO] - [rank: 0] Instantiating data buffer <common.replay_buffer_wrapper.ReplayBufferWrapper>
[2025-07-07 14:11:31,819][__main__][INFO] - [rank: 0] Instantiating model buffer <common.replay_buffer_wrapper.ReplayBufferWrapper>
[2025-07-07 14:11:31,831][lightning.fabric.utilities.seed][INFO] - Seed set to 1
[2025-07-07 14:11:31,832][__main__][INFO] - [rank: 0] Instantiating callbacks...
[2025-07-07 14:11:31,833][utils.instantiators][INFO] - [rank: 0] Instantiating callback <lightning.pytorch.callbacks.ModelCheckpoint>
[2025-07-07 14:11:31,840][utils.instantiators][INFO] - [rank: 0] Instantiating callback <lightning.pytorch.callbacks.RichModelSummary>
[2025-07-07 14:11:31,841][utils.instantiators][INFO] - [rank: 0] Instantiating callback <lightning.pytorch.callbacks.RichProgressBar>
[2025-07-07 14:11:31,842][__main__][INFO] - [rank: 0] Instantiating loggers...
[2025-07-07 14:11:31,842][utils.instantiators][INFO] - [rank: 0] Instantiating logger <lightning.pytorch.loggers.wandb.WandbLogger>
[2025-07-07 14:11:31,849][__main__][INFO] - [rank: 0] Instantiating model <src.algos.mopo.MOPO>
[2025-07-07 14:11:33,723][__main__][INFO] - [rank: 0] started the modules
[2025-07-07 14:11:33,724][__main__][INFO] - [rank: 0] Instantiating trainer <lightning.pytorch.trainer.Trainer>
[2025-07-07 14:11:33,736][pytorch_lightning.utilities.rank_zero][INFO] - Using 16bit Automatic Mixed Precision (AMP)
[2025-07-07 14:11:33,737][pytorch_lightning.utilities.rank_zero][INFO] - Trainer already configured with model summary callbacks: [<class 'lightning.pytorch.callbacks.rich_model_summary.RichModelSummary'>]. Skipping setting a default `ModelSummary` callback.
[2025-07-07 14:11:33,769][pytorch_lightning.utilities.rank_zero][INFO] - GPU available: True (cuda), used: True
[2025-07-07 14:11:33,770][pytorch_lightning.utilities.rank_zero][INFO] - TPU available: False, using: 0 TPU cores
[2025-07-07 14:11:33,770][pytorch_lightning.utilities.rank_zero][INFO] - HPU available: False, using: 0 HPUs
[2025-07-07 14:11:33,771][__main__][INFO] - [rank: 0] Logging hyperparameters!
[2025-07-07 14:11:33,775][__main__][INFO] - [rank: 0] Starting training!
[2025-07-07 14:11:33,776][pytorch_lightning.utilities.rank_zero][INFO] - You are using a CUDA device ('NVIDIA A100 80GB PCIe') that has Tensor Cores. To properly utilize them, you should set `torch.set_float32_matmul_precision('medium' | 'high')` which will trade-off precision for performance. For more details, read https://pytorch.org/docs/stable/generated/torch.set_float32_matmul_precision.html#torch.set_float32_matmul_precision
[2025-07-07 14:11:33,917][lightning.pytorch.accelerators.cuda][INFO] - LOCAL_RANK: 0 - CUDA_VISIBLE_DEVICES: [0,1,2,3,4,5,6,7]
[2025-07-07 14:12:32,580][lightning.pytorch.accelerators.cuda][INFO] - LOCAL_RANK: 0 - CUDA_VISIBLE_DEVICES: [0,1,2,3,4,5,6,7]
