[2025-07-06 12:16:25,269][__main__][INFO] - [rank: 0] Instantiating model <src.models.transition_model.TransitionModel>
[2025-07-06 12:16:25,389][__main__][INFO] - [rank: 0] Instantiating data buffer <common.replay_buffer_wrapper.ReplayBufferWrapper>
[2025-07-06 12:16:25,425][__main__][INFO] - [rank: 0] Instantiating model buffer <common.replay_buffer_wrapper.ReplayBufferWrapper>
[2025-07-06 12:16:25,450][lightning.fabric.utilities.seed][INFO] - Seed set to 1
[2025-07-06 12:16:25,453][__main__][INFO] - [rank: 0] Instantiating callbacks...
[2025-07-06 12:16:25,454][utils.instantiators][INFO] - [rank: 0] Instantiating callback <lightning.pytorch.callbacks.ModelCheckpoint>
[2025-07-06 12:16:25,470][utils.instantiators][INFO] - [rank: 0] Instantiating callback <lightning.pytorch.callbacks.RichModelSummary>
[2025-07-06 12:16:25,472][utils.instantiators][INFO] - [rank: 0] Instantiating callback <lightning.pytorch.callbacks.RichProgressBar>
[2025-07-06 12:16:25,474][__main__][INFO] - [rank: 0] Instantiating loggers...
[2025-07-06 12:16:25,475][utils.instantiators][INFO] - [rank: 0] Instantiating logger <lightning.pytorch.loggers.wandb.WandbLogger>
[2025-07-06 12:16:25,499][__main__][INFO] - [rank: 0] Instantiating model <src.algos.mopo.MOPO>
[2025-07-06 12:16:28,673][__main__][INFO] - [rank: 0] started the modules
[2025-07-06 12:16:28,675][__main__][INFO] - [rank: 0] Instantiating trainer <lightning.pytorch.trainer.Trainer>
[2025-07-06 12:16:28,707][pytorch_lightning.utilities.rank_zero][INFO] - Trainer already configured with model summary callbacks: [<class 'lightning.pytorch.callbacks.rich_model_summary.RichModelSummary'>]. Skipping setting a default `ModelSummary` callback.
[2025-07-06 12:16:28,780][pytorch_lightning.utilities.rank_zero][INFO] - GPU available: True (cuda), used: False
[2025-07-06 12:16:28,782][pytorch_lightning.utilities.rank_zero][INFO] - TPU available: False, using: 0 TPU cores
[2025-07-06 12:16:28,782][pytorch_lightning.utilities.rank_zero][INFO] - HPU available: False, using: 0 HPUs
[2025-07-06 12:16:28,784][__main__][INFO] - [rank: 0] Logging hyperparameters!
[2025-07-06 12:16:28,802][__main__][INFO] - [rank: 0] Starting training!
[2025-07-06 12:18:09,717][pytorch_lightning.utilities.rank_zero][INFO] - `Trainer.fit` stopped: `max_epochs=4` reached.
