[2025-07-07 14:02:12,350][__main__][INFO] - [rank: 0] Instantiating model <src.models.world_model.D4RLWorldModel>
[2025-07-07 14:02:17,745][__main__][INFO] - [rank: 0] Instantiating data buffer <common.replay_buffer_wrapper.ReplayBufferWrapper>
[2025-07-07 14:02:17,781][__main__][INFO] - [rank: 0] Instantiating model buffer <common.replay_buffer_wrapper.ReplayBufferWrapper>
[2025-07-07 14:02:17,792][lightning.fabric.utilities.seed][INFO] - Seed set to 1
[2025-07-07 14:02:17,795][__main__][INFO] - [rank: 0] Instantiating callbacks...
[2025-07-07 14:02:17,795][utils.instantiators][INFO] - [rank: 0] Instantiating callback <lightning.pytorch.callbacks.ModelCheckpoint>
[2025-07-07 14:02:17,803][utils.instantiators][INFO] - [rank: 0] Instantiating callback <lightning.pytorch.callbacks.RichModelSummary>
[2025-07-07 14:02:17,804][utils.instantiators][INFO] - [rank: 0] Instantiating callback <lightning.pytorch.callbacks.RichProgressBar>
[2025-07-07 14:02:17,805][__main__][INFO] - [rank: 0] Instantiating loggers...
[2025-07-07 14:02:17,805][utils.instantiators][INFO] - [rank: 0] Instantiating logger <lightning.pytorch.loggers.wandb.WandbLogger>
[2025-07-07 14:02:17,812][__main__][INFO] - [rank: 0] Instantiating model <src.algos.mopo.MOPO>
[2025-07-07 14:02:19,899][__main__][INFO] - [rank: 0] started the modules
[2025-07-07 14:02:19,900][__main__][INFO] - [rank: 0] Instantiating trainer <lightning.pytorch.trainer.Trainer>
[2025-07-07 14:02:19,915][pytorch_lightning.utilities.rank_zero][INFO] - Using 16bit Automatic Mixed Precision (AMP)
[2025-07-07 14:02:19,917][pytorch_lightning.utilities.rank_zero][INFO] - Trainer already configured with model summary callbacks: [<class 'lightning.pytorch.callbacks.rich_model_summary.RichModelSummary'>]. Skipping setting a default `ModelSummary` callback.
[2025-07-07 14:02:19,954][pytorch_lightning.utilities.rank_zero][INFO] - GPU available: True (cuda), used: True
[2025-07-07 14:02:19,956][pytorch_lightning.utilities.rank_zero][INFO] - TPU available: False, using: 0 TPU cores
[2025-07-07 14:02:19,956][pytorch_lightning.utilities.rank_zero][INFO] - HPU available: False, using: 0 HPUs
[2025-07-07 14:02:19,956][__main__][INFO] - [rank: 0] Logging hyperparameters!
[2025-07-07 14:02:19,961][__main__][INFO] - [rank: 0] Starting training!
[2025-07-07 14:02:19,962][pytorch_lightning.utilities.rank_zero][INFO] - You are using a CUDA device ('NVIDIA A100 80GB PCIe') that has Tensor Cores. To properly utilize them, you should set `torch.set_float32_matmul_precision('medium' | 'high')` which will trade-off precision for performance. For more details, read https://pytorch.org/docs/stable/generated/torch.set_float32_matmul_precision.html#torch.set_float32_matmul_precision
[2025-07-07 14:02:20,177][lightning.pytorch.accelerators.cuda][INFO] - LOCAL_RANK: 0 - CUDA_VISIBLE_DEVICES: [0,1,2,3,4,5,6,7]
[2025-07-07 14:02:36,422][lightning.pytorch.accelerators.cuda][INFO] - LOCAL_RANK: 0 - CUDA_VISIBLE_DEVICES: [0,1,2,3,4,5,6,7]
