[2025-07-06 18:31:22,978][__main__][INFO] - [rank: 0] Instantiating model <src.models.transition_model.TransitionModel>
[2025-07-06 18:31:23,028][__main__][INFO] - [rank: 0] Instantiating data buffer <common.replay_buffer_wrapper.ReplayBufferWrapper>
[2025-07-06 18:31:23,047][__main__][INFO] - [rank: 0] Instantiating model buffer <common.replay_buffer_wrapper.ReplayBufferWrapper>
[2025-07-06 18:31:23,058][lightning.fabric.utilities.seed][INFO] - Seed set to 1
[2025-07-06 18:31:23,059][__main__][INFO] - [rank: 0] Instantiating callbacks...
[2025-07-06 18:31:23,060][utils.instantiators][INFO] - [rank: 0] Instantiating callback <lightning.pytorch.callbacks.ModelCheckpoint>
[2025-07-06 18:31:23,066][utils.instantiators][INFO] - [rank: 0] Instantiating callback <lightning.pytorch.callbacks.RichModelSummary>
[2025-07-06 18:31:23,067][utils.instantiators][INFO] - [rank: 0] Instantiating callback <lightning.pytorch.callbacks.RichProgressBar>
[2025-07-06 18:31:23,068][__main__][INFO] - [rank: 0] Instantiating loggers...
[2025-07-06 18:31:23,068][utils.instantiators][INFO] - [rank: 0] Instantiating logger <lightning.pytorch.loggers.wandb.WandbLogger>
[2025-07-06 18:31:23,075][__main__][INFO] - [rank: 0] Instantiating model <src.algos.mopo.MOPO>
[2025-07-06 18:31:24,958][__main__][INFO] - [rank: 0] started the modules
[2025-07-06 18:31:24,959][__main__][INFO] - [rank: 0] Instantiating trainer <lightning.pytorch.trainer.Trainer>
[2025-07-06 18:31:24,970][pytorch_lightning.utilities.rank_zero][INFO] - Trainer already configured with model summary callbacks: [<class 'lightning.pytorch.callbacks.rich_model_summary.RichModelSummary'>]. Skipping setting a default `ModelSummary` callback.
[2025-07-06 18:31:25,000][pytorch_lightning.utilities.rank_zero][INFO] - GPU available: True (cuda), used: True
[2025-07-06 18:31:25,001][pytorch_lightning.utilities.rank_zero][INFO] - TPU available: False, using: 0 TPU cores
[2025-07-06 18:31:25,001][pytorch_lightning.utilities.rank_zero][INFO] - HPU available: False, using: 0 HPUs
[2025-07-06 18:31:25,001][__main__][INFO] - [rank: 0] Logging hyperparameters!
[2025-07-06 18:31:25,006][__main__][INFO] - [rank: 0] Starting training!
[2025-07-06 18:31:25,007][pytorch_lightning.utilities.rank_zero][INFO] - You are using a CUDA device ('NVIDIA A100 80GB PCIe') that has Tensor Cores. To properly utilize them, you should set `torch.set_float32_matmul_precision('medium' | 'high')` which will trade-off precision for performance. For more details, read https://pytorch.org/docs/stable/generated/torch.set_float32_matmul_precision.html#torch.set_float32_matmul_precision
[2025-07-06 18:31:25,198][lightning.pytorch.accelerators.cuda][INFO] - LOCAL_RANK: 0 - CUDA_VISIBLE_DEVICES: [0,1,2,3,4,5,6,7]
[2025-07-06 18:31:59,941][lightning.pytorch.accelerators.cuda][INFO] - LOCAL_RANK: 0 - CUDA_VISIBLE_DEVICES: [0,1,2,3,4,5,6,7]
