[2025-07-06 16:52:50,985][__main__][INFO] - [rank: 0] Instantiating model <src.models.transition_model.TransitionModel>
[2025-07-06 16:52:51,039][__main__][INFO] - [rank: 0] Instantiating data buffer <common.replay_buffer_wrapper.ReplayBufferWrapper>
[2025-07-06 16:52:51,055][__main__][INFO] - [rank: 0] Instantiating model buffer <common.replay_buffer_wrapper.ReplayBufferWrapper>
[2025-07-06 16:52:51,069][lightning.fabric.utilities.seed][INFO] - Seed set to 1
[2025-07-06 16:52:51,070][__main__][INFO] - [rank: 0] Instantiating callbacks...
[2025-07-06 16:52:51,071][utils.instantiators][INFO] - [rank: 0] Instantiating callback <lightning.pytorch.callbacks.ModelCheckpoint>
[2025-07-06 16:52:51,077][utils.instantiators][INFO] - [rank: 0] Instantiating callback <lightning.pytorch.callbacks.RichModelSummary>
[2025-07-06 16:52:51,078][utils.instantiators][INFO] - [rank: 0] Instantiating callback <lightning.pytorch.callbacks.RichProgressBar>
[2025-07-06 16:52:51,078][__main__][INFO] - [rank: 0] Instantiating loggers...
[2025-07-06 16:52:51,079][utils.instantiators][INFO] - [rank: 0] Instantiating logger <lightning.pytorch.loggers.wandb.WandbLogger>
[2025-07-06 16:52:51,085][__main__][INFO] - [rank: 0] Instantiating model <src.algos.mopo.MOPO>
[2025-07-06 16:52:52,935][__main__][INFO] - [rank: 0] started the modules
[2025-07-06 16:52:52,936][__main__][INFO] - [rank: 0] Instantiating trainer <lightning.pytorch.trainer.Trainer>
[2025-07-06 16:52:52,947][pytorch_lightning.utilities.rank_zero][INFO] - Trainer already configured with model summary callbacks: [<class 'lightning.pytorch.callbacks.rich_model_summary.RichModelSummary'>]. Skipping setting a default `ModelSummary` callback.
[2025-07-06 16:52:52,979][pytorch_lightning.utilities.rank_zero][INFO] - GPU available: True (cuda), used: True
[2025-07-06 16:52:52,980][pytorch_lightning.utilities.rank_zero][INFO] - TPU available: False, using: 0 TPU cores
[2025-07-06 16:52:52,980][pytorch_lightning.utilities.rank_zero][INFO] - HPU available: False, using: 0 HPUs
[2025-07-06 16:52:52,981][__main__][INFO] - [rank: 0] Logging hyperparameters!
[2025-07-06 16:52:52,985][__main__][INFO] - [rank: 0] Starting training!
[2025-07-06 16:52:53,232][pytorch_lightning.utilities.rank_zero][INFO] - You are using a CUDA device ('NVIDIA A100 80GB PCIe') that has Tensor Cores. To properly utilize them, you should set `torch.set_float32_matmul_precision('medium' | 'high')` which will trade-off precision for performance. For more details, read https://pytorch.org/docs/stable/generated/torch.set_float32_matmul_precision.html#torch.set_float32_matmul_precision
[2025-07-06 16:52:53,235][lightning.fabric.utilities.seed][INFO] - [rank: 0] Seed set to 1
[2025-07-06 16:52:53,239][lightning.fabric.utilities.distributed][INFO] - Initializing distributed: GLOBAL_RANK: 0, MEMBER: 1/2
[2025-07-06 16:53:08,078][lightning.fabric.strategies.launchers.subprocess_script][INFO] - [rank: 1] Child process with PID 406901 terminated with code 1. Forcefully terminating all other processes to avoid zombies 🧟
