[2025-07-06 22:31:05,790][__main__][INFO] - [rank: 0] Instantiating model <src.models.world_model.D4RLWorldModel>
[2025-07-06 22:31:11,998][__main__][INFO] - [rank: 0] Instantiating data buffer <common.replay_buffer_wrapper.ReplayBufferWrapper>
[2025-07-06 22:31:12,035][__main__][INFO] - [rank: 0] Instantiating model buffer <common.replay_buffer_wrapper.ReplayBufferWrapper>
[2025-07-06 22:31:12,046][lightning.fabric.utilities.seed][INFO] - Seed set to 1
[2025-07-06 22:31:12,048][__main__][INFO] - [rank: 0] Instantiating callbacks...
[2025-07-06 22:31:12,049][utils.instantiators][INFO] - [rank: 0] Instantiating callback <lightning.pytorch.callbacks.ModelCheckpoint>
[2025-07-06 22:31:12,056][utils.instantiators][INFO] - [rank: 0] Instantiating callback <lightning.pytorch.callbacks.RichModelSummary>
[2025-07-06 22:31:12,056][utils.instantiators][INFO] - [rank: 0] Instantiating callback <lightning.pytorch.callbacks.RichProgressBar>
[2025-07-06 22:31:12,057][__main__][INFO] - [rank: 0] Instantiating loggers...
[2025-07-06 22:31:12,057][utils.instantiators][INFO] - [rank: 0] Instantiating logger <lightning.pytorch.loggers.wandb.WandbLogger>
[2025-07-06 22:31:12,064][__main__][INFO] - [rank: 0] Instantiating model <src.algos.mopo.MOPO>
[2025-07-06 22:31:13,841][__main__][INFO] - [rank: 0] started the modules
[2025-07-06 22:31:13,842][__main__][INFO] - [rank: 0] Instantiating trainer <lightning.pytorch.trainer.Trainer>
[2025-07-06 22:31:13,854][pytorch_lightning.utilities.rank_zero][INFO] - Using 16bit Automatic Mixed Precision (AMP)
[2025-07-06 22:31:13,855][pytorch_lightning.utilities.rank_zero][INFO] - Trainer already configured with model summary callbacks: [<class 'lightning.pytorch.callbacks.rich_model_summary.RichModelSummary'>]. Skipping setting a default `ModelSummary` callback.
[2025-07-06 22:31:13,884][pytorch_lightning.utilities.rank_zero][INFO] - GPU available: True (cuda), used: True
[2025-07-06 22:31:13,885][pytorch_lightning.utilities.rank_zero][INFO] - TPU available: False, using: 0 TPU cores
[2025-07-06 22:31:13,886][pytorch_lightning.utilities.rank_zero][INFO] - HPU available: False, using: 0 HPUs
[2025-07-06 22:31:13,886][__main__][INFO] - [rank: 0] Logging hyperparameters!
[2025-07-06 22:31:13,890][__main__][INFO] - [rank: 0] Starting training!
[2025-07-06 22:31:13,891][pytorch_lightning.utilities.rank_zero][INFO] - You are using a CUDA device ('NVIDIA A100 80GB PCIe') that has Tensor Cores. To properly utilize them, you should set `torch.set_float32_matmul_precision('medium' | 'high')` which will trade-off precision for performance. For more details, read https://pytorch.org/docs/stable/generated/torch.set_float32_matmul_precision.html#torch.set_float32_matmul_precision
[2025-07-06 22:31:14,082][lightning.pytorch.accelerators.cuda][INFO] - LOCAL_RANK: 0 - CUDA_VISIBLE_DEVICES: [0,1,2,3,4,5,6,7]
