[2025-07-06 12:55:02,796][__main__][INFO] - [rank: 0] Instantiating model <src.models.transition_model.TransitionModel>
[2025-07-06 12:55:02,872][__main__][INFO] - [rank: 0] Instantiating data buffer <common.replay_buffer_wrapper.ReplayBufferWrapper>
[2025-07-06 12:55:02,888][__main__][INFO] - [rank: 0] Instantiating model buffer <common.replay_buffer_wrapper.ReplayBufferWrapper>
[2025-07-06 12:55:02,903][lightning.fabric.utilities.seed][INFO] - Seed set to 1
[2025-07-06 12:55:02,905][__main__][INFO] - [rank: 0] Instantiating callbacks...
[2025-07-06 12:55:02,905][utils.instantiators][INFO] - [rank: 0] Instantiating callback <lightning.pytorch.callbacks.ModelCheckpoint>
[2025-07-06 12:55:02,911][utils.instantiators][INFO] - [rank: 0] Instantiating callback <lightning.pytorch.callbacks.RichModelSummary>
[2025-07-06 12:55:02,912][utils.instantiators][INFO] - [rank: 0] Instantiating callback <lightning.pytorch.callbacks.RichProgressBar>
[2025-07-06 12:55:02,912][__main__][INFO] - [rank: 0] Instantiating loggers...
[2025-07-06 12:55:02,913][utils.instantiators][INFO] - [rank: 0] Instantiating logger <lightning.pytorch.loggers.wandb.WandbLogger>
[2025-07-06 12:55:02,919][__main__][INFO] - [rank: 0] Instantiating model <src.algos.mopo.MOPO>
[2025-07-06 12:55:04,842][__main__][INFO] - [rank: 0] started the modules
[2025-07-06 12:55:04,843][__main__][INFO] - [rank: 0] Instantiating trainer <lightning.pytorch.trainer.Trainer>
[2025-07-06 12:55:04,855][pytorch_lightning.utilities.rank_zero][INFO] - Trainer already configured with model summary callbacks: [<class 'lightning.pytorch.callbacks.rich_model_summary.RichModelSummary'>]. Skipping setting a default `ModelSummary` callback.
[2025-07-06 12:55:04,885][pytorch_lightning.utilities.rank_zero][INFO] - GPU available: True (cuda), used: False
[2025-07-06 12:55:04,887][pytorch_lightning.utilities.rank_zero][INFO] - TPU available: False, using: 0 TPU cores
[2025-07-06 12:55:04,887][pytorch_lightning.utilities.rank_zero][INFO] - HPU available: False, using: 0 HPUs
[2025-07-06 12:55:04,888][__main__][INFO] - [rank: 0] Logging hyperparameters!
[2025-07-06 12:55:04,892][__main__][INFO] - [rank: 0] Starting training!
[2025-07-06 12:55:09,476][pytorch_lightning.utilities.rank_zero][INFO] - `Trainer.fit` stopped: `max_epochs=2` reached.
